<?xml version="1.0" encoding="UTF-8" ?>
<testsuite failures="0" time="0.001" errors="0" skipped="0" tests="6" name="util.fem.FakeEntityManagerTest">
  <properties>
[...]
</properties>
  <testcase time="0" classname="util.fem.FakeEntityManagerTest" name="testCreateQueryStringClassOfT"/>
  <testcase time="0" classname="util.fem.FakeEntityManagerTest" name="testPersist"/>
  <testcase time="0" classname="util.fem.FakeEntityManagerTest" name="testContains"/>
  <testcase time="0" classname="util.fem.FakeEntityManagerTest" name="testCreateQueryString"/>
  <testcase time="0" classname="util.fem.FakeEntityManagerTest" name="testFindClassOfTObject"/>
  <testcase time="0" classname="util.fem.FakeEntityManagerTest" name="testRemove"/>
</testsuite>